<?xml version="1.0" encoding="UTF-8"?>
<!-- Generated by org.testng.reporters.JUnitReportReporter -->
<testsuite hostname="LAPTOP-PMPIU3N4" failures="0" tests="1" name="com.vedhaframework.Naukari.Naukariscripts" time="210.795" errors="0" timestamp="2024-01-15T14:07:05 GMT-06:00" skipped="0">
  <testcase classname="com.vedhaframework.Naukari.Naukariscripts" name="VerifyRegPage" time="210.795"/>
  <system-out/>
</testsuite> <!-- com.vedhaframework.Naukari.Naukariscripts -->
